<?xml version="1.0" encoding="utf-8"?><testsuites name="pytest tests"><testsuite name="pytest" errors="0" failures="0" skipped="0" tests="38" time="51.513" timestamp="2026-07-19T17:20:10.456177-04:00" hostname="DESKTOP-7A9C9I2"><testcase classname="tests.test_darkspace_integration" name="test_audit_detects_single_character_tamper" time="0.007" /><testcase classname="tests.test_darkspace_integration" name="test_audit_store_prunes_rows" time="0.108" /><testcase classname="tests.test_darkspace_integration" name="test_whisper_entropy_flags_encoded_text" time="0.002" /><testcase classname="tests.test_darkspace_integration" name="test_ghost_monitor_regular_deltas_flag" time="0.002" /><testcase classname="tests.test_darkspace_integration" name="test_scoring_darkspace_bumps" time="0.001" /><testcase classname="tests.test_darkspace_integration" name="test_p2p_summary_signature" time="0.002" /><testcase classname="tests.test_darkspace_integration" name="test_p2p_summary_requires_strong_production_key" time="0.003" /><testcase classname="tests.test_darkspace_integration" name="test_meshtastic_hold_suppresses_tx" time="0.017" /><testcase classname="tests.test_darkspace_integration" name="test_chaos_parser_discards_bad_data" time="0.015" /><testcase classname="tests.test_darkspace_integration" name="test_tamper_response_zero_fills_and_deletes" time="0.031" /><testcase classname="tests.test_deployment" name="test_pneumatic_physics_partial_survival" time="0.001" /><testcase classname="tests.test_deployment" name="test_line_charge_reference_destroys_chain" time="0.001" /><testcase classname="tests.test_deployment" name="test_deployment_manager_sequence" time="0.002" /><testcase classname="tests.test_deployment" name="test_guardian_suppresses_during_deploy" time="0.001" /><testcase classname="tests.test_deployment" name="test_monte_carlo_cpu" time="7.407" /><testcase classname="tests.test_deployment" name="test_spacing_clamped_5_to_10m" time="0.001" /><testcase classname="tests.test_hardware_acoustic" name="test_band_peak_ratio_detects_tone" time="0.022" /><testcase classname="tests.test_hardware_acoustic" name="test_band_peak_ratio_silence_low" time="0.001" /><testcase classname="tests.test_hardware_integration" name="test_hardware_probe_runs" time="8.480" /><testcase classname="tests.test_hardware_integration" name="test_live_array_fallback_on_desktop" time="15.620" /><testcase classname="tests.test_hardware_integration" name="test_power_metrics_desktop" time="0.002" /><testcase classname="tests.test_hardware_integration" name="test_acoustic_scipy_propeller_peak" time="4.081" /><testcase classname="tests.test_hardware_integration" name="test_rf_sensor_synthetic_read" time="0.010" /><testcase classname="tests.test_hardware_integration" name="test_failure_modes_suite_passes" time="13.372" /><testcase classname="tests.test_hardware_rf" name="test_friis_received_power_decreases_with_distance" time="0.001" /><testcase classname="tests.test_hardware_rf" name="test_friis_max_range_positive" time="0.001" /><testcase classname="tests.test_hardware_rf" name="test_rtl_power_anomaly_jamming" time="0.002" /><testcase classname="tests.test_hardware_rf" name="test_rtl_power_wideband_jamming_flag" time="0.002" /><testcase classname="tests.test_hardware_rf" name="test_parse_rtl_power_csv" time="0.001" /><testcase classname="tests.test_hardware_rf" name="test_rf_sensor_alternates_bands" time="0.012" /><testcase classname="tests.test_schemas" name="test_schema_validation[sensor_event.v1.json-instance0]" time="0.707" /><testcase classname="tests.test_schemas" name="test_schema_validation[alert_frame.v1.json-instance1]" time="0.014" /><testcase classname="tests.test_simulation" name="test_sensor_event_schema_fields" time="0.002" /><testcase classname="tests.test_simulation" name="test_fusion_weighted_score" time="0.003" /><testcase classname="tests.test_simulation" name="test_scoring_levels" time="0.001" /><testcase classname="tests.test_simulation" name="test_audit_chain_integrity" time="0.002" /><testcase classname="tests.test_simulation" name="test_intrusion_simulation_escalates" time="0.004" /><testcase classname="tests.test_simulation" name="test_jamming_hold_safe" time="0.004" /></testsuite></testsuites>